<?xml version="1.0" encoding="UTF-8"?>
<testng-results total="1" passed="0" failed="1" skipped="0">
  <reporter-output>
    <line>
      <![CDATA[no of rows are::8]]>
    </line>
    <line>
      <![CDATA[New Employer Created1000 Successfully]]>
    </line>
    <line>
      <![CDATA[New Employer Created1001 Successfully]]>
    </line>
    <line>
      <![CDATA[New Employer Created1002 Successfully]]>
    </line>
    <line>
      <![CDATA[New Employer Created1003 Successfully]]>
    </line>
    <line>
      <![CDATA[New Employer Created1004 Successfully]]>
    </line>
  </reporter-output>
  <suite started-at="2023-07-09T10:11:21Z" name="Default suite" finished-at="2023-07-09T10:12:47Z" duration-ms="86153">
    <groups>
    </groups>
    <test started-at="2023-07-09T10:11:21Z" name="Default test" finished-at="2023-07-09T10:12:47Z" duration-ms="86153">
      <class name="driverFactory.TestScript">
        <test-method is-config="true" signature="setup()[pri:0, instance:driverFactory.TestScript@75d2da2d]" started-at="2023-07-09T15:41:21Z" name="setup" finished-at="2023-07-09T15:41:36Z" duration-ms="14989" status="PASS">
          <reporter-output>
          </reporter-output>
        </test-method> <!-- setup -->
        <test-method signature="startTest()[pri:0, instance:driverFactory.TestScript@75d2da2d]" started-at="2023-07-09T15:41:36Z" name="startTest" finished-at="2023-07-09T15:42:44Z" duration-ms="68603" status="FAIL">
          <exception class="java.lang.NullPointerException">
            <full-stacktrace>
              <![CDATA[java.lang.NullPointerException
	at utilities.ExcelFileUtil.getCellData(ExcelFileUtil.java:32)
	at driverFactory.TestScript.startTest(TestScript.java:42)
	at java.base/jdk.internal.reflect.NativeMethodAccessorImpl.invoke0(Native Method)
	at java.base/jdk.internal.reflect.NativeMethodAccessorImpl.invoke(NativeMethodAccessorImpl.java:62)
	at java.base/jdk.internal.reflect.DelegatingMethodAccessorImpl.invoke(DelegatingMethodAccessorImpl.java:43)
	at java.base/java.lang.reflect.Method.invoke(Method.java:566)
	at org.testng.internal.MethodInvocationHelper.invokeMethod(MethodInvocationHelper.java:85)
	at org.testng.internal.Invoker.invokeMethod(Invoker.java:639)
	at org.testng.internal.Invoker.invokeTestMethod(Invoker.java:816)
	at org.testng.internal.Invoker.invokeTestMethods(Invoker.java:1124)
	at org.testng.internal.TestMethodWorker.invokeTestMethods(TestMethodWorker.java:125)
	at org.testng.internal.TestMethodWorker.run(TestMethodWorker.java:108)
	at org.testng.TestRunner.privateRun(TestRunner.java:774)
	at org.testng.TestRunner.run(TestRunner.java:624)
	at org.testng.SuiteRunner.runTest(SuiteRunner.java:359)
	at org.testng.SuiteRunner.runSequentially(SuiteRunner.java:354)
	at org.testng.SuiteRunner.privateRun(SuiteRunner.java:312)
	at org.testng.SuiteRunner.run(SuiteRunner.java:261)
	at org.testng.SuiteRunnerWorker.runSuite(SuiteRunnerWorker.java:52)
	at org.testng.SuiteRunnerWorker.run(SuiteRunnerWorker.java:86)
	at org.testng.TestNG.runSuitesSequentially(TestNG.java:1215)
	at org.testng.TestNG.runSuitesLocally(TestNG.java:1140)
	at org.testng.TestNG.run(TestNG.java:1048)
	at org.testng.remote.AbstractRemoteTestNG.run(AbstractRemoteTestNG.java:115)
	at org.testng.remote.RemoteTestNG.initAndRun(RemoteTestNG.java:251)
	at org.testng.remote.RemoteTestNG.main(RemoteTestNG.java:77)
]]>
            </full-stacktrace>
          </exception> <!-- java.lang.NullPointerException -->
          <reporter-output>
            <line>
              <![CDATA[no of rows are::8]]>
            </line>
            <line>
              <![CDATA[New Employer Created1000 Successfully]]>
            </line>
            <line>
              <![CDATA[New Employer Created1001 Successfully]]>
            </line>
            <line>
              <![CDATA[New Employer Created1002 Successfully]]>
            </line>
            <line>
              <![CDATA[New Employer Created1003 Successfully]]>
            </line>
            <line>
              <![CDATA[New Employer Created1004 Successfully]]>
            </line>
          </reporter-output>
        </test-method> <!-- startTest -->
        <test-method is-config="true" signature="tearDown()[pri:0, instance:driverFactory.TestScript@75d2da2d]" started-at="2023-07-09T15:42:45Z" name="tearDown" finished-at="2023-07-09T15:42:47Z" duration-ms="2283" status="PASS">
          <reporter-output>
          </reporter-output>
        </test-method> <!-- tearDown -->
      </class> <!-- driverFactory.TestScript -->
    </test> <!-- Default test -->
  </suite> <!-- Default suite -->
</testng-results>
